This is pdfTeX, Version 3.14159265-2.6-1.40.17 (MiKTeX 2.9.6210 64-bit) (preloaded format=pdflatex 2018.8.16)  4 JAN 2019 18:23
entering extended mode
**./mainthesis.tex
(mainthesis.tex
LaTeX2e <2017/01/01> patch level 1
Babel <3.9r> and hyphenation patterns for 75 language(s) loaded.
(umdthesis-2.cls
Document Class: umdthesis-2 2006/04/26 v0.1
("C:\Program Files\MiKTeX 2.9\tex\latex\base\size12.clo"
File: size12.clo 2014/09/29 v1.4h Standard LaTeX file (size option)
)
\c@part=\count79
\c@chapter=\count80
\c@section=\count81
\c@subsection=\count82
\c@subsubsection=\count83
\c@paragraph=\count84
\c@subparagraph=\count85
\c@figure=\count86
\c@table=\count87
\abovecaptionskip=\skip41
\belowcaptionskip=\skip42
\bibindent=\dimen102
) (titlesec.sty
Package: titlesec 2011/12/15 v2.10.0 Sectioning titles
\ttl@box=\box26
\beforetitleunit=\skip43
\aftertitleunit=\skip44
\ttl@plus=\dimen103
\ttl@minus=\dimen104
\ttl@toksa=\toks14
\titlewidth=\dimen105
\titlewidthlast=\dimen106
\titlewidthfirst=\dimen107
)
(setspace.sty
Package: setspace 2011/12/19 v6.7a set line spacing
) ("C:\Program Files\MiKTeX 2.9\tex\latex\amsmath\amsmath.sty"
Package: amsmath 2016/11/05 v2.16a AMS math features
\@mathmargin=\skip45

For additional information on amsmath, use the `?' option.
("C:\Program Files\MiKTeX 2.9\tex\latex\amsmath\amstext.sty"
Package: amstext 2000/06/29 v2.01 AMS text

("C:\Program Files\MiKTeX 2.9\tex\latex\amsmath\amsgen.sty"
File: amsgen.sty 1999/11/30 v2.0 generic functions
\@emptytoks=\toks15
\ex@=\dimen108
))
("C:\Program Files\MiKTeX 2.9\tex\latex\amsmath\amsbsy.sty"
Package: amsbsy 1999/11/29 v1.2d Bold Symbols
\pmbraise@=\dimen109
)
("C:\Program Files\MiKTeX 2.9\tex\latex\amsmath\amsopn.sty"
Package: amsopn 2016/03/08 v2.02 operator names
)
\inf@bad=\count88
LaTeX Info: Redefining \frac on input line 213.
\uproot@=\count89
\leftroot@=\count90
LaTeX Info: Redefining \overline on input line 375.
\classnum@=\count91
\DOTSCASE@=\count92
LaTeX Info: Redefining \ldots on input line 472.
LaTeX Info: Redefining \dots on input line 475.
LaTeX Info: Redefining \cdots on input line 596.
\Mathstrutbox@=\box27
\strutbox@=\box28
\big@size=\dimen110
LaTeX Font Info:    Redeclaring font encoding OML on input line 712.
LaTeX Font Info:    Redeclaring font encoding OMS on input line 713.
\macc@depth=\count93
\c@MaxMatrixCols=\count94
\dotsspace@=\muskip10
\c@parentequation=\count95
\dspbrk@lvl=\count96
\tag@help=\toks16
\row@=\count97
\column@=\count98
\maxfields@=\count99
\andhelp@=\toks17
\eqnshift@=\dimen111
\alignsep@=\dimen112
\tagshift@=\dimen113
\tagwidth@=\dimen114
\totwidth@=\dimen115
\lineht@=\dimen116
\@envbody=\toks18
\multlinegap=\skip46
\multlinetaggap=\skip47
\mathdisplay@stack=\toks19
LaTeX Info: Redefining \[ on input line 2817.
LaTeX Info: Redefining \] on input line 2818.
)
("C:\Program Files\MiKTeX 2.9\tex\latex\graphics\graphicx.sty"
Package: graphicx 2014/10/28 v1.0g Enhanced LaTeX Graphics (DPC,SPQR)

("C:\Program Files\MiKTeX 2.9\tex\latex\graphics\keyval.sty"
Package: keyval 2014/10/28 v1.15 key=value parser (DPC)
\KV@toks@=\toks20
)
("C:\Program Files\MiKTeX 2.9\tex\latex\graphics\graphics.sty"
Package: graphics 2016/10/09 v1.0u Standard LaTeX Graphics (DPC,SPQR)

("C:\Program Files\MiKTeX 2.9\tex\latex\graphics\trig.sty"
Package: trig 2016/01/03 v1.10 sin cos tan (DPC)
)
("C:\Program Files\MiKTeX 2.9\tex\latex\graphics-cfg\graphics.cfg"
File: graphics.cfg 2016/06/04 v1.11 sample graphics configuration
)
Package graphics Info: Driver file: pdftex.def on input line 99.

("C:\Program Files\MiKTeX 2.9\tex\latex\graphics-def\pdftex.def"
File: pdftex.def 2017/01/12 v0.06k Graphics/color for pdfTeX

("C:\Program Files\MiKTeX 2.9\tex\generic\oberdiek\infwarerr.sty"
Package: infwarerr 2016/05/16 v1.4 Providing info/warning/error messages (HO)
)
("C:\Program Files\MiKTeX 2.9\tex\generic\oberdiek\ltxcmds.sty"
Package: ltxcmds 2016/05/16 v1.23 LaTeX kernel commands for general use (HO)
)
\Gread@gobject=\count100
))
\Gin@req@height=\dimen117
\Gin@req@width=\dimen118
) (cite.sty
LaTeX Info: Redefining \cite on input line 302.
LaTeX Info: Redefining \nocite on input line 373.
Package: cite 2010/09/10  v 5.3
)
(lscape.sty
Package: lscape 2000/10/22 v3.01 Landscape Pages (DPC)
) (indentfirst.sty
Package: indentfirst 1995/11/23 v1.03 Indent first paragraph (DPC)
) (latexsym.sty
Package: latexsym 1998/08/17 v2.2e Standard LaTeX package (lasy symbols)
\symlasy=\mathgroup4
LaTeX Font Info:    Overwriting symbol font `lasy' in version `bold'
(Font)                  U/lasy/m/n --> U/lasy/b/n on input line 42.
)
("C:\Program Files\MiKTeX 2.9\tex\latex\multirow\multirow.sty"
Package: multirow 2016/11/25 v2.2 Span multiple rows of a table
\multirow@colwidth=\skip48
\multirow@cntb=\count101
\multirow@dima=\skip49
\bigstrutjot=\dimen119
)
("C:\Program Files\MiKTeX 2.9\tex\latex\oberdiek\epstopdf.sty"
Package: epstopdf 2016/05/15 v2.6 Conversion with epstopdf on the fly (HO)

("C:\Program Files\MiKTeX 2.9\tex\latex\oberdiek\epstopdf-base.sty"
Package: epstopdf-base 2016/05/15 v2.6 Base part for package epstopdf

("C:\Program Files\MiKTeX 2.9\tex\latex\oberdiek\grfext.sty"
Package: grfext 2016/05/16 v1.2 Manage graphics extensions (HO)

("C:\Program Files\MiKTeX 2.9\tex\generic\oberdiek\kvdefinekeys.sty"
Package: kvdefinekeys 2016/05/16 v1.4 Define keys (HO)
))
("C:\Program Files\MiKTeX 2.9\tex\latex\oberdiek\kvoptions.sty"
Package: kvoptions 2016/05/16 v3.12 Key value format for package options (HO)

("C:\Program Files\MiKTeX 2.9\tex\generic\oberdiek\kvsetkeys.sty"
Package: kvsetkeys 2016/05/16 v1.17 Key value parser (HO)

("C:\Program Files\MiKTeX 2.9\tex\generic\oberdiek\etexcmds.sty"
Package: etexcmds 2016/05/16 v1.6 Avoid name clashes with e-TeX commands (HO)

("C:\Program Files\MiKTeX 2.9\tex\generic\oberdiek\ifluatex.sty"
Package: ifluatex 2016/05/16 v1.4 Provides the ifluatex switch (HO)
Package ifluatex Info: LuaTeX not detected.
)
Package etexcmds Info: Could not find \expanded.
(etexcmds)             That can mean that you are not using pdfTeX 1.50 or
(etexcmds)             that some package has redefined \expanded.
(etexcmds)             In the latter case, load this package earlier.
)))
("C:\Program Files\MiKTeX 2.9\tex\generic\oberdiek\pdftexcmds.sty"
Package: pdftexcmds 2016/05/21 v0.22 Utility functions of pdfTeX for LuaTeX (HO
)

("C:\Program Files\MiKTeX 2.9\tex\generic\oberdiek\ifpdf.sty"
Package: ifpdf 2016/05/14 v3.1 Provides the ifpdf switch
)
Package pdftexcmds Info: LuaTeX not detected.
Package pdftexcmds Info: \pdf@primitive is available.
Package pdftexcmds Info: \pdf@ifprimitive is available.
Package pdftexcmds Info: \pdfdraftmode found.
)
Package epstopdf-base Info: Redefining graphics rule for `.eps' on input line 4
38.
Package grfext Info: Graphics extension search list:
(grfext)             [.png,.pdf,.jpg,.mps,.jpeg,.jbig2,.jb2,.PNG,.PDF,.JPG,.JPE
G,.JBIG2,.JB2,.eps]
(grfext)             \AppendGraphicsExtensions on input line 456.
)) (tabls.sty
\tablinesep=\dimen120
\arraylinesep=\dimen121
\extrarulesep=\dimen122
\@arstdepth=\dimen123
\@arstheight=\dimen124
\@skip@bove=\dimen125
)
("C:\Program Files\MiKTeX 2.9\tex\latex\wrapfig\wrapfig.sty"
\wrapoverhang=\dimen126
\WF@size=\dimen127
\c@WF@wrappedlines=\count102
\WF@box=\box29
\WF@everypar=\toks21
Package: wrapfig 2003/01/31  v 3.6
) (slashbox.sty
slashbox style by K.Yasuoka, May 1993.
\@slashboxa=\box30
\@slashboxb=\box31
\@slashboxc=\box32
\@slashboxwd=\count103
\@slashboxht=\count104
\@slashsepl=\dimen128
\@slashsepr=\dimen129
) (longtable.sty
Package: longtable 2004/02/01 v4.11 Multi-page Table package (DPC)
\LTleft=\skip50
\LTright=\skip51
\LTpre=\skip52
\LTpost=\skip53
\LTchunksize=\count105
\LTcapwidth=\dimen130
\LT@head=\box33
\LT@firsthead=\box34
\LT@foot=\box35
\LT@lastfoot=\box36
\LT@cols=\count106
\LT@rows=\count107
\c@LT@tables=\count108
\c@LT@chunks=\count109
\LT@p@ftn=\toks22
) (supertabular.sty
Package: supertabular 2004/02/20 v4.1e the supertabular environment
\c@tracingst=\count110
\ST@wd=\dimen131
\ST@rightskip=\skip54
\ST@leftskip=\skip55
\ST@parfillskip=\skip56
\ST@pageleft=\dimen132
\ST@headht=\dimen133
\ST@tailht=\dimen134
\ST@pagesofar=\dimen135
\ST@pboxht=\dimen136
\ST@lineht=\dimen137
\ST@stretchht=\dimen138
\ST@prevht=\dimen139
\ST@toadd=\dimen140
\ST@dimen=\dimen141
\ST@pbox=\box37
)
("C:\Program Files\MiKTeX 2.9\tex\latex\subfigure\subfigure.sty"
Package: subfigure 2002/07/30 v2.1.4 subfigure package
\subfigtopskip=\skip57
\subfigcapskip=\skip58
\subfigcaptopadj=\dimen142
\subfigbottomskip=\skip59
\subfigcapmargin=\dimen143
\subfiglabelskip=\skip60
\c@subfigure=\count111
\c@lofdepth=\count112
\c@subtable=\count113
\c@lotdepth=\count114

****************************************
* Local config file subfigure.cfg used *
****************************************
("C:\Program Files\MiKTeX 2.9\tex\latex\subfigure\subfigure.cfg")
\subfig@top=\skip61
\subfig@bottom=\skip62
) (braket.sty) (algorithmic.sty
Package: algorithmic 2005/07/05

Document Style `algorithmic' - environment
("C:\Program Files\MiKTeX 2.9\tex\latex\base\ifthen.sty"
Package: ifthen 2014/09/29 v1.1c Standard LaTeX ifthen package (DPC)
)
("C:\Program Files\MiKTeX 2.9\tex\latex\tools\calc.sty"
Package: calc 2014/10/28 v4.3 Infix arithmetic (KKT,FJ)
\calc@Acount=\count115
\calc@Bcount=\count116
\calc@Adimen=\dimen144
\calc@Bdimen=\dimen145
\calc@Askip=\skip63
\calc@Bskip=\skip64
LaTeX Info: Redefining \setlength on input line 80.
LaTeX Info: Redefining \addtolength on input line 81.
\calc@Ccount=\count117
\calc@Cskip=\skip65
)
\c@ALC@line=\count118
\c@ALC@rem=\count119
\c@ALC@depth=\count120
\ALC@tlm=\skip66
\algorithmicindent=\skip67
) (algorithm.sty
Package: algorithm 

Document Style `algorithm' - floating environment
("C:\Program Files\MiKTeX 2.9\tex\latex\float\float.sty"
Package: float 2001/11/08 v1.3d Float enhancements (AL)
\c@float@type=\count121
\float@exts=\toks23
\float@box=\box38
\@float@everytoks=\toks24
\@floatcapt=\box39
)
\@float@every@algorithm=\toks25
\c@algorithm=\count122
)
("C:\Program Files\MiKTeX 2.9\tex\latex\bbold\bbold.sty"
Package: bbold 1994/04/06 Bbold symbol package
)
("C:\Program Files\MiKTeX 2.9\tex\latex\hyperref\hyperref.sty"
Package: hyperref 2016/06/24 v6.83q Hypertext links for LaTeX

("C:\Program Files\MiKTeX 2.9\tex\generic\oberdiek\hobsub-hyperref.sty"
Package: hobsub-hyperref 2016/05/16 v1.14 Bundle oberdiek, subset hyperref (HO)


("C:\Program Files\MiKTeX 2.9\tex\generic\oberdiek\hobsub-generic.sty"
Package: hobsub-generic 2016/05/16 v1.14 Bundle oberdiek, subset generic (HO)
Package: hobsub 2016/05/16 v1.14 Construct package bundles (HO)
Package hobsub Info: Skipping package `infwarerr' (already loaded).
Package hobsub Info: Skipping package `ltxcmds' (already loaded).
Package hobsub Info: Skipping package `ifluatex' (already loaded).
Package: ifvtex 2016/05/16 v1.6 Detect VTeX and its facilities (HO)
Package ifvtex Info: VTeX not detected.
Package: intcalc 2016/05/16 v1.2 Expandable calculations with integers (HO)
Package hobsub Info: Skipping package `ifpdf' (already loaded).
Package hobsub Info: Skipping package `etexcmds' (already loaded).
Package hobsub Info: Skipping package `kvsetkeys' (already loaded).
Package hobsub Info: Skipping package `kvdefinekeys' (already loaded).
Package hobsub Info: Skipping package `pdftexcmds' (already loaded).
Package: pdfescape 2016/05/16 v1.14 Implements pdfTeX's escape features (HO)
Package: bigintcalc 2016/05/16 v1.4 Expandable calculations on big integers (HO
)
Package: bitset 2016/05/16 v1.2 Handle bit-vector datatype (HO)
Package: uniquecounter 2016/05/16 v1.3 Provide unlimited unique counter (HO)
)
Package hobsub Info: Skipping package `hobsub' (already loaded).
Package: letltxmacro 2016/05/16 v1.5 Let assignment for LaTeX macros (HO)
Package: hopatch 2016/05/16 v1.3 Wrapper for package hooks (HO)
Package: xcolor-patch 2016/05/16 xcolor patch
Package: atveryend 2016/05/16 v1.9 Hooks at the very end of document (HO)
Package atveryend Info: \enddocument detected (standard20110627).
Package: atbegshi 2016/06/09 v1.18 At begin shipout hook (HO)
Package: refcount 2016/05/16 v3.5 Data extraction from label references (HO)
Package: hycolor 2016/05/16 v1.8 Color options for hyperref/bookmark (HO)
)
("C:\Program Files\MiKTeX 2.9\tex\generic\ifxetex\ifxetex.sty"
Package: ifxetex 2010/09/12 v0.6 Provides ifxetex conditional
)
("C:\Program Files\MiKTeX 2.9\tex\latex\oberdiek\auxhook.sty"
Package: auxhook 2016/05/16 v1.4 Hooks for auxiliary files (HO)
)
\@linkdim=\dimen146
\Hy@linkcounter=\count123
\Hy@pagecounter=\count124

("C:\Program Files\MiKTeX 2.9\tex\latex\hyperref\pd1enc.def"
File: pd1enc.def 2016/06/24 v6.83q Hyperref: PDFDocEncoding definition (HO)
)
\Hy@SavedSpaceFactor=\count125

("C:\Program Files\MiKTeX 2.9\tex\latex\00miktex\hyperref.cfg"
File: hyperref.cfg 2002/06/06 v1.2 hyperref configuration of TeXLive
)
Package hyperref Info: Option `colorlinks' set `true' on input line 4362.
Package hyperref Info: Hyper figures OFF on input line 4486.
Package hyperref Info: Link nesting OFF on input line 4491.
Package hyperref Info: Hyper index ON on input line 4494.
Package hyperref Info: Plain pages OFF on input line 4501.
Package hyperref Info: Backreferencing OFF on input line 4506.
Package hyperref Info: Implicit mode ON; LaTeX internals redefined.
Package hyperref Info: Bookmarks ON on input line 4735.
\c@Hy@tempcnt=\count126
 (url.sty
\Urlmuskip=\muskip11
Package: url 2013/09/16  ver 3.4  Verb mode for urls, etc.
)
LaTeX Info: Redefining \url on input line 5088.
\XeTeXLinkMargin=\dimen147
\Fld@menulength=\count127
\Field@Width=\dimen148
\Fld@charsize=\dimen149
Package hyperref Info: Hyper figures OFF on input line 6342.
Package hyperref Info: Link nesting OFF on input line 6347.
Package hyperref Info: Hyper index ON on input line 6350.
Package hyperref Info: backreferencing OFF on input line 6357.
Package hyperref Info: Link coloring ON on input line 6360.
Package hyperref Info: Link coloring with OCG OFF on input line 6367.
Package hyperref Info: PDF/A mode OFF on input line 6372.
LaTeX Info: Redefining \ref on input line 6412.
LaTeX Info: Redefining \pageref on input line 6416.
\Hy@abspage=\count128
\c@Item=\count129
\c@Hfootnote=\count130
)

Package hyperref Message: Driver (autodetected): hpdftex.

("C:\Program Files\MiKTeX 2.9\tex\latex\hyperref\hpdftex.def"
File: hpdftex.def 2016/06/24 v6.83q Hyperref driver for pdfTeX
\Fld@listcount=\count131
\c@bookmark@seq@number=\count132

("C:\Program Files\MiKTeX 2.9\tex\latex\oberdiek\rerunfilecheck.sty"
Package: rerunfilecheck 2016/05/16 v1.8 Rerun checks for auxiliary files (HO)
Package uniquecounter Info: New unique counter `rerunfilecheck' on input line 2
82.
)
\Hy@SectionHShift=\skip68
)

LaTeX Warning: Unused global option(s):
    [pdflatex].

(mainthesis.aux (Abstract.aux) (Titlepage.aux) (Copyright.aux)
(IntroChapter.aux) (AtomLightChapter.aux

LaTeX Warning: Label `fig:pulsingSchematic' multiply defined.

) (AbsorptionImagingChapter.aux) (SwaveScatteringChapter.aux)
(SynDimChapter.aux) (BlochOscChapter.aux))
\openout1 = `mainthesis.aux'.

LaTeX Font Info:    Checking defaults for OML/cmm/m/it on input line 80.
LaTeX Font Info:    ... okay on input line 80.
LaTeX Font Info:    Checking defaults for T1/cmr/m/n on input line 80.
LaTeX Font Info:    ... okay on input line 80.
LaTeX Font Info:    Checking defaults for OT1/cmr/m/n on input line 80.
LaTeX Font Info:    ... okay on input line 80.
LaTeX Font Info:    Checking defaults for OMS/cmsy/m/n on input line 80.
LaTeX Font Info:    ... okay on input line 80.
LaTeX Font Info:    Checking defaults for OMX/cmex/m/n on input line 80.
LaTeX Font Info:    ... okay on input line 80.
LaTeX Font Info:    Checking defaults for U/cmr/m/n on input line 80.
LaTeX Font Info:    ... okay on input line 80.
LaTeX Font Info:    Checking defaults for PD1/pdf/m/n on input line 80.
LaTeX Font Info:    ... okay on input line 80.

("C:\Program Files\MiKTeX 2.9\tex\context\base\supp-pdf.mkii"
[Loading MPS to PDF converter (version 2006.09.02).]
\scratchcounter=\count133
\scratchdimen=\dimen150
\scratchbox=\box40
\nofMPsegments=\count134
\nofMParguments=\count135
\everyMPshowfont=\toks26
\MPscratchCnt=\count136
\MPscratchDim=\dimen151
\MPnumerator=\count137
\makeMPintoPDFobject=\count138
\everyMPtoPDFconversion=\toks27
)
\AtBeginShipoutBox=\box41
 ("C:\Program Files\MiKTeX 2.9\tex\latex\graphics\color.sty"
Package: color 2016/07/10 v1.1e Standard LaTeX Color (DPC)

("C:\Program Files\MiKTeX 2.9\tex\latex\graphics-cfg\color.cfg"
File: color.cfg 2016/01/02 v1.6 sample color configuration
)
Package color Info: Driver file: pdftex.def on input line 147.
)
Package hyperref Info: Link coloring ON on input line 80.

("C:\Program Files\MiKTeX 2.9\tex\latex\hyperref\nameref.sty"
Package: nameref 2016/05/21 v2.44 Cross-referencing by name of section

("C:\Program Files\MiKTeX 2.9\tex\generic\oberdiek\gettitlestring.sty"
Package: gettitlestring 2016/05/16 v1.5 Cleanup title references (HO)
)
\c@section@level=\count139
)
LaTeX Info: Redefining \ref on input line 80.
LaTeX Info: Redefining \pageref on input line 80.
LaTeX Info: Redefining \nameref on input line 80.

(mainthesis.out) (mainthesis.out)
\@outlinefile=\write3
\openout3 = `mainthesis.out'.

\openout2 = `Abstract.aux'.

 (Abstract.tex
LaTeX Font Info:    Try loading font information for U+lasy on input line 15.

("C:\Program Files\MiKTeX 2.9\tex\latex\base\ulasy.fd"
File: ulasy.fd 1998/08/17 v2.2e LaTeX symbol font definitions
)) [1


{C:/ProgramData/MiKTeX/2.9/pdftex/config/pdftex.map}]
\openout2 = `Titlepage.aux'.

 (Titlepage.tex
Underfull \hbox (badness 10000) in paragraph at lines 30--32

 []

) [2


]
\openout2 = `Copyright.aux'.

 (Copyright.tex
LaTeX Font Info:    Try loading font information for OMS+cmr on input line 13.
 ("C:\Program Files\MiKTeX 2.9\tex\latex\base\omscmr.fd"
File: omscmr.fd 2014/09/29 v2.5h Standard LaTeX font definitions
)
LaTeX Font Info:    Font shape `OMS/cmr/m/n' in size <14.4> not available
(Font)              Font shape `OMS/cmsy/m/n' tried instead on input line 13.

[3


] [4]) (mainthesis.toc [5

])
\tf@toc=\write4
\openout4 = `mainthesis.toc'.

 [6] (mainthesis.lot)
\tf@lot=\write5
\openout5 = `mainthesis.lot'.

 [7] (mainthesis.lof [8]
[9]
Overfull \hbox (6.39468pt too wide) in paragraph at lines 21--21
 \OT1/cmr/m/n/12 place, op-tics are (mostly) mounted and coils to gen-er-ate th
e quadrupole 
 []

[10] [11] [12] [13] [14] [15] [16])
\tf@lof=\write6
\openout6 = `mainthesis.lof'.

 [17]
\openout2 = `IntroChapter.aux'.

 (IntroChapter.tex
Chapter 2.
pdfTeX warning (ext4): destination with the same identifier (name{page.1}) has 
been already used, duplicate ignored
<to be read again> 
                   \relax 
l.17 
      [1

]pdfTeX warning (ext4): destination with the same identifier (name{page.2}) has
 been already used, duplicate ignored
<to be read again> 
                   \relax 
l.41 \end{equation}
                    [2]pdfTeX warning (ext4): destination with the same identif
ier (name{page.3}) has been already used, duplicate ignored
<to be read again> 
                   \relax 
l.64 
      [3] <"BEC_DFG figures/condensation".pdf, id=879, 375.804pt x 216.81pt>
File: "BEC_DFG figures/condensation".pdf Graphic file (type pdf)

<use "BEC_DFG figures/condensation".pdf>
Package pdftex.def Info: "BEC_DFG figures/condensation".pdf used on input line 
66.
(pdftex.def)             Requested size: 375.80309pt x 216.80946pt.
pdfTeX warning (ext4): destination with the same identifier (name{page.4}) has 
been already used, duplicate ignored
<to be read again> 
                   \relax 
l.72 \begin{equation}
                      [4 <./BEC_DFG figures/condensation.pdf>]
<"BEC_DFG figures/CondensingAtoms".png, id=910, 426.8748pt x 128.1588pt>
File: "BEC_DFG figures/CondensingAtoms".png Graphic file (type png)

<use "BEC_DFG figures/CondensingAtoms".png>
Package pdftex.def Info: "BEC_DFG figures/CondensingAtoms".png used on input li
ne 89.
(pdftex.def)             Requested size: 426.87375pt x 128.15848pt.
pdfTeX warning (ext4): destination with the same identifier (name{page.5}) has 
been already used, duplicate ignored
<to be read again> 
                   \relax 
l.95 
      [5 <./BEC_DFG figures/CondensingAtoms.png>]pdfTeX warning (ext4): destina
tion with the same identifier (name{page.6}) has been already used, duplicate i
gnored
<to be read again> 
                   \relax 
l.106 \begin{equation}
                       [6]pdfTeX warning (ext4): destination with the same iden
tifier (name{page.7}) has been already used, duplicate ignored
<to be read again> 
                   \relax 
l.124 \end{equation}
                     [7]
<"BEC_DFG figures/InSitu".pdf, id=938, 325.215pt x 433.62pt>
File: "BEC_DFG figures/InSitu".pdf Graphic file (type pdf)

<use "BEC_DFG figures/InSitu".pdf>
Package pdftex.def Info: "BEC_DFG figures/InSitu".pdf used on input line 134.
(pdftex.def)             Requested size: 325.2142pt x 433.61894pt.
pdfTeX warning (ext4): destination with the same identifier (name{page.8}) has 
been already used, duplicate ignored
<to be read again> 
                   \relax 
l.147 \end{equation}
                     [8]pdfTeX warning (ext4): destination with the same identi
fier (name{page.9}) has been already used, duplicate ignored
<to be read again> 
                   \relax 
l.147 \end{equation}
                     [9 <./BEC_DFG figures/InSitu.pdf>]pdfTeX warning (ext4): d
estination with the same identifier (name{page.10}) has been already used, dupl
icate ignored
<to be read again> 
                   \relax 
l.161 \end{equation}
                     [10]
<"BEC_DFG figures/FermiDist".pdf, id=968, 448.07399pt x 216.81pt>
File: "BEC_DFG figures/FermiDist".pdf Graphic file (type pdf)

<use "BEC_DFG figures/FermiDist".pdf>
Package pdftex.def Info: "BEC_DFG figures/FermiDist".pdf used on input line 175
.
(pdftex.def)             Requested size: 448.07288pt x 216.80946pt.

Overfull \hbox (21.68033pt too wide) in paragraph at lines 175--176
[][] 
 []

pdfTeX warning (ext4): destination with the same identifier (name{page.11}) has
 been already used, duplicate ignored
<to be read again> 
                   \relax 
l.183 
       [11]pdfTeX warning (ext4): destination with the same identifier (name{pa
ge.12}) has been already used, duplicate ignored
<to be read again> 
                   \relax 
l.188 
       [12 <./BEC_DFG figures/FermiDist.pdf>]
<"BEC_DFG figures/FeshbachSchematic".png, id=1001, 433.62pt x 244.7544pt>
File: "BEC_DFG figures/FeshbachSchematic".png Graphic file (type png)

<use "BEC_DFG figures/FeshbachSchematic".png>
Package pdftex.def Info: "BEC_DFG figures/FeshbachSchematic".png used on input 
line 194.
(pdftex.def)             Requested size: 433.61894pt x 244.75378pt.

Overfull \hbox (7.2264pt too wide) in paragraph at lines 194--195
[][] 
 []

pdfTeX warning (ext4): destination with the same identifier (name{page.13}) has
 been already used, duplicate ignored
<to be read again> 
                   \relax 
l.203 \end{equation}
                     [13]pdfTeX warning (ext4): destination with the same ident
ifier (name{page.14}) has been already used, duplicate ignored
<to be read again> 
                   \relax 
l.203 \end{equation}
                     [14 <./BEC_DFG figures/FeshbachSchematic.png>]
<"BEC_DFG figures/ExperimentPicture".png, id=1020, 433.62pt x 338.7054pt>
File: "BEC_DFG figures/ExperimentPicture".png Graphic file (type png)

<use "BEC_DFG figures/ExperimentPicture".png>
Package pdftex.def Info: "BEC_DFG figures/ExperimentPicture".png used on input 
line 215.
(pdftex.def)             Requested size: 433.61894pt x 338.70457pt.

Overfull \hbox (7.2264pt too wide) in paragraph at lines 215--216
[][] 
 []

pdfTeX warning (ext4): destination with the same identifier (name{page.15}) has
 been already used, duplicate ignored
<to be read again> 
                   \relax 
l.222 
       [15]pdfTeX warning (ext4): destination with the same identifier (name{pa
ge.16}) has been already used, duplicate ignored
<to be read again> 
                   \relax 
l.222 
       [16 <./BEC_DFG figures/ExperimentPicture.png>]
<"BEC_DFG figures/BirdsEyeApparatus".pdf, id=1041, 439.72781pt x 417.3482pt>
File: "BEC_DFG figures/BirdsEyeApparatus".pdf Graphic file (type pdf)

<use "BEC_DFG figures/BirdsEyeApparatus".pdf>
Package pdftex.def Info: "BEC_DFG figures/BirdsEyeApparatus".pdf used on input 
line 224.
(pdftex.def)             Requested size: 439.72673pt x 417.34718pt.

Overfull \hbox (13.33418pt too wide) in paragraph at lines 224--225
[][] 
 []


LaTeX Warning: Reference `SynDimChapter,BlochOscChapter' on page 17 undefined o
n input line 231.

pdfTeX warning (ext4): destination with the same identifier (name{page.17}) has
 been already used, duplicate ignored
<to be read again> 
                   \relax 
l.232 
       [17] [18 <./BEC_DFG figures/BirdsEyeApparatus.pdf>]

LaTeX Warning: Reference `SynDimChapter,BlochOscChapter' on page 19 undefined o
n input line 233.

<"BEC_DFG figures/ApparatusCoils".pdf, id=1068, 391.30692pt x 169.00339pt>
File: "BEC_DFG figures/ApparatusCoils".pdf Graphic file (type pdf)

<use "BEC_DFG figures/ApparatusCoils".pdf>
Package pdftex.def Info: "BEC_DFG figures/ApparatusCoils".pdf used on input lin
e 239.
(pdftex.def)             Requested size: 391.30595pt x 169.00298pt.
 [19] [20 <./BEC_DFG figures/ApparatusCoils.pdf>] [21] [22]
<"BEC_DFG figures/NewMasterBoard".png, id=1202, 433.62pt x 243.7908pt>
File: "BEC_DFG figures/NewMasterBoard".png Graphic file (type png)

<use "BEC_DFG figures/NewMasterBoard".png>
Package pdftex.def Info: "BEC_DFG figures/NewMasterBoard".png used on input lin
e 268.
(pdftex.def)             Requested size: 433.61894pt x 243.7902pt.

Overfull \hbox (7.2264pt too wide) in paragraph at lines 268--269
[][] 
 []

[23] [24 <./BEC_DFG figures/NewMasterBoard.png>] [25]
<"BEC_DFG figures/HsinIsImagingBottomSchematic".png, id=1224, 397.485pt x 298.7
16pt>
File: "BEC_DFG figures/HsinIsImagingBottomSchematic".png Graphic file (type png
)
 <use "BEC_DFG figures/HsinIsImagingBottomSchematic".png>
Package pdftex.def Info: "BEC_DFG figures/HsinIsImagingBottomSchematic".png use
d on input line 284.
(pdftex.def)             Requested size: 397.48402pt x 298.71526pt.

<"BEC_DFG figures/HsinIsImagingLens".png, id=1226, 332.9238pt x 179.2296pt>
File: "BEC_DFG figures/HsinIsImagingLens".png Graphic file (type png)

<use "BEC_DFG figures/HsinIsImagingLens".png>
Package pdftex.def Info: "BEC_DFG figures/HsinIsImagingLens".png used on input 
line 291.
(pdftex.def)             Requested size: 332.92297pt x 179.22914pt.
 [26] [27 <./BEC_DFG figures/HsinIsImagingBottomSchematic.png>]
<"BEC_DFG figures/HsinI's imaging path".png, id=1238, 408.91231pt x 281.05pt>
File: "BEC_DFG figures/HsinI's imaging path".png Graphic file (type png)

<use "BEC_DFG figures/HsinI's imaging path".png>
Package pdftex.def Info: "BEC_DFG figures/HsinI's imaging path".png used on inp
ut line 298.
(pdftex.def)             Requested size: 408.9113pt x 281.0493pt.
 [28 <./BEC_DFG figures/HsinIsImagingLens.png>] [29 <./BEC_DFG figures/HsinI's 
imaging path.png>] [30]
Missing character: There is no Œ in font cmr12!
Missing character: There is no º in font cmr12!
Missing character: There is no Œ in font cmr12!
Missing character: There is no º in font cmr12!
Missing character: There is no Œ in font cmr12!
Missing character: There is no º in font cmr12!
Missing character: There is no ‚ in font cmr12!
Missing character: There is no Ä in font cmr12!
Missing character: There is no ô in font cmr12!

<"BEC_DFG figures/FPGAservoTurnOn".png, id=1257, 441.8106pt x 580.0872pt>
File: "BEC_DFG figures/FPGAservoTurnOn".png Graphic file (type png)

<use "BEC_DFG figures/FPGAservoTurnOn".png>
Package pdftex.def Info: "BEC_DFG figures/FPGAservoTurnOn".png used on input li
ne 320.
(pdftex.def)             Requested size: 441.80951pt x 580.08578pt.

Overfull \hbox (15.41696pt too wide) in paragraph at lines 320--321
[][] 
 []

[31] <"BEC_DFG figures/FPGAservoCalib".png, id=1263, 433.62pt x 299.6713pt>
File: "BEC_DFG figures/FPGAservoCalib".png Graphic file (type png)

<use "BEC_DFG figures/FPGAservoCalib".png>
Package pdftex.def Info: "BEC_DFG figures/FPGAservoCalib".png used on input lin
e 327.
(pdftex.def)             Requested size: 433.61894pt x 299.67055pt.

Overfull \hbox (7.2264pt too wide) in paragraph at lines 327--328
[][] 
 []

Missing character: There is no ‚ in font cmr12!
Missing character: There is no Ä in font cmr12!
Missing character: There is no ú in font cmr12!
Missing character: There is no ‚ in font cmr12!
Missing character: There is no Ä in font cmr12!
Missing character: There is no ù in font cmr12!

Overfull \hbox (12.03918pt too wide) in paragraph at lines 332--333
\OT1/cmr/m/n/12 the FPGA are in the shared google drive un-der 'RbK/Lab Note-bo
ok/Electonics/FPGA
 []


LaTeX Warning: Reference `chap:BochOsc' on page 32 undefined on input line 335.


<"BEC_DFG figures/ODTlensSchematic".png, id=1265, 446.6286pt x 142.131pt>
File: "BEC_DFG figures/ODTlensSchematic".png Graphic file (type png)

<use "BEC_DFG figures/ODTlensSchematic".png>
Package pdftex.def Info: "BEC_DFG figures/ODTlensSchematic".png used on input l
ine 350.
(pdftex.def)             Requested size: 446.6275pt x 142.13063pt.

Overfull \hbox (20.23495pt too wide) in paragraph at lines 350--351
[][] 
 []

[32] [33 <./BEC_DFG figures/FPGAservoTurnOn.png>] [34 <./BEC_DFG figures/FPGAse
rvoCalib.png> <./BEC_DFG figures/ODTlensSchematic.png>]
<"BEC_DFG figures/ODTlensGraphs".png, id=1286, 433.62pt x 495.7722pt>
File: "BEC_DFG figures/ODTlensGraphs".png Graphic file (type png)

<use "BEC_DFG figures/ODTlensGraphs".png>
Package pdftex.def Info: "BEC_DFG figures/ODTlensGraphs".png used on input line
 360.
(pdftex.def)             Requested size: 433.61894pt x 495.77098pt.

Overfull \hbox (7.2264pt too wide) in paragraph at lines 360--361
[][] 
 []

[35] [36 <./BEC_DFG figures/ODTlensGraphs.png>] [37]
Overfull \hbox (0.33328pt too wide) in paragraph at lines 382--383
[]\OT1/cmr/m/n/12 The de-sign of our 2D MOT is closely based on the de-sign in 
Thomas Uehlinger's
 []

[38] <"BEC_DFG figures/2DMOTschematic".png, id=1321, 462.0462pt x 361.35pt>
File: "BEC_DFG figures/2DMOTschematic".png Graphic file (type png)

<use "BEC_DFG figures/2DMOTschematic".png>
Package pdftex.def Info: "BEC_DFG figures/2DMOTschematic".png used on input lin
e 388.
(pdftex.def)             Requested size: 462.04506pt x 361.34912pt.

Overfull \hbox (35.65251pt too wide) in paragraph at lines 388--389
[][] 
 []

<"BEC_DFG figures/2DMOTcellPhoto".png, id=1324, 433.62pt x 243.7908pt>
File: "BEC_DFG figures/2DMOTcellPhoto".png Graphic file (type png)

<use "BEC_DFG figures/2DMOTcellPhoto".png>
Package pdftex.def Info: "BEC_DFG figures/2DMOTcellPhoto".png used on input lin
e 395.
(pdftex.def)             Requested size: 433.61894pt x 243.7902pt.

Overfull \hbox (7.2264pt too wide) in paragraph at lines 395--396
[][] 
 []

[39] [40 <./BEC_DFG figures/2DMOTschematic.png>] [41 <./BEC_DFG figures/2DMOTce
llPhoto.png>]
<"BEC_DFG figures/2DMOToptics".pdf, id=1343, 433.62pt x 233.09586pt>
File: "BEC_DFG figures/2DMOToptics".pdf Graphic file (type pdf)

<use "BEC_DFG figures/2DMOToptics".pdf>
Package pdftex.def Info: "BEC_DFG figures/2DMOToptics".pdf used on input line 4
07.
(pdftex.def)             Requested size: 433.61894pt x 233.09528pt.

Overfull \hbox (7.2264pt too wide) in paragraph at lines 407--408
[][] 
 []

<"BEC_DFG figures/Current2DMOTphoto".png, id=1345, 433.62pt x 243.7908pt>
File: "BEC_DFG figures/Current2DMOTphoto".png Graphic file (type png)

<use "BEC_DFG figures/Current2DMOTphoto".png>
Package pdftex.def Info: "BEC_DFG figures/Current2DMOTphoto".png used on input 
line 414.
(pdftex.def)             Requested size: 433.61894pt x 243.7902pt.

Overfull \hbox (7.2264pt too wide) in paragraph at lines 414--415
[][] 
 []

[42]) [43 <./BEC_DFG figures/2DMOToptics.pdf>] [44 <./BEC_DFG figures/Current2D
MOTphoto.png>]
\openout2 = `AtomLightChapter.aux'.

 (AtomLightChapter.tex
Chapter 3.
[45


] [46] <"Chapter2 Figures/Picture1a".png, id=1386, 246.1998pt x 359.9046pt>
File: "Chapter2 Figures/Picture1a".png Graphic file (type png)

<use "Chapter2 Figures/Picture1a".png>
Package pdftex.def Info: "Chapter2 Figures/Picture1a".png used on input line 32
.
(pdftex.def)             Requested size: 110.78888pt x 161.95557pt.

<"Chapter2 Figures/Picture1c".pdf, id=1387, 173.448pt x 187.902pt>
File: "Chapter2 Figures/Picture1c".pdf Graphic file (type pdf)

<use "Chapter2 Figures/Picture1c".pdf>
Package pdftex.def Info: "Chapter2 Figures/Picture1c".pdf used on input line 33
.
(pdftex.def)             Requested size: 156.10175pt x 169.11023pt.

<"Chapter2 Figures/Picture1b".png, id=1388, 250.536pt x 304.4976pt>
File: "Chapter2 Figures/Picture1b".png Graphic file (type png)

<use "Chapter2 Figures/Picture1b".png>
Package pdftex.def Info: "Chapter2 Figures/Picture1b".png used on input line 34
.
(pdftex.def)             Requested size: 125.26768pt x 152.24843pt.
 [47 <./Chapter2 Figures/Picture1a.png> <./Chapter2 Figures/Picture1c.pdf> <./C
hapter2 Figures/Picture1b.png>] [48]
[49] [50] [51] [52]
Overfull \hbox (19.96951pt too wide) detected at line 130
[]\OML/cmm/m/it/12 H[] \OT1/cmr/m/n/12 = [] [] \OML/cmm/m/it/12 ;
 []

[53] <"Chapter4 Figures/figure1".pdf, id=1478, 448.07399pt x 289.08pt>
File: "Chapter4 Figures/figure1".pdf Graphic file (type pdf)

<use "Chapter4 Figures/figure1".pdf>
Package pdftex.def Info: "Chapter4 Figures/figure1".pdf used on input line 156.

(pdftex.def)             Requested size: 448.07288pt x 289.07928pt.

Overfull \hbox (21.68033pt too wide) in paragraph at lines 156--157
[][] 
 []

[54 <./Chapter4 Figures/figure1.pdf>] [55] [56]
<"Chapter4 Figures/figure2".pdf, id=1520, 448.07399pt x 289.08pt>
File: "Chapter4 Figures/figure2".pdf Graphic file (type pdf)

<use "Chapter4 Figures/figure2".pdf>
Package pdftex.def Info: "Chapter4 Figures/figure2".pdf used on input line 203.

(pdftex.def)             Requested size: 448.07288pt x 289.07928pt.

Overfull \hbox (21.68033pt too wide) in paragraph at lines 203--204
[][] 
 []

<"Chapter4 Figures/LatticePulsing".pdf, id=1526, 448.07399pt x 289.08pt>
File: "Chapter4 Figures/LatticePulsing".pdf Graphic file (type pdf)

<use "Chapter4 Figures/LatticePulsing".pdf>
Package pdftex.def Info: "Chapter4 Figures/LatticePulsing".pdf used on input li
ne 214.
(pdftex.def)             Requested size: 448.07288pt x 289.07928pt.

Overfull \hbox (21.68033pt too wide) in paragraph at lines 214--215
[][] 
 []

[57] [58 <./Chapter4 Figures/figure2.pdf>]
<"Chapter4 Figures/figure3".pdf, id=1561, 448.07399pt x 289.08pt>
File: "Chapter4 Figures/figure3".pdf Graphic file (type pdf)

<use "Chapter4 Figures/figure3".pdf>
Package pdftex.def Info: "Chapter4 Figures/figure3".pdf used on input line 222.

(pdftex.def)             Requested size: 448.07288pt x 289.07928pt.

Overfull \hbox (21.68033pt too wide) in paragraph at lines 222--223
[][] 
 []

[59 <./Chapter4 Figures/LatticePulsing.pdf>] [60] [61 <./Chapter4 Figures/figur
e3.pdf>]
<"Chapter4 Figures/HyperfineFromSteck".pdf, id=1632, 794.97pt x 614.295pt>
File: "Chapter4 Figures/HyperfineFromSteck".pdf Graphic file (type pdf)

<use "Chapter4 Figures/HyperfineFromSteck".pdf>
Package pdftex.def Info: "Chapter4 Figures/HyperfineFromSteck".pdf used on inpu
t line 238.
(pdftex.def)             Requested size: 476.98569pt x 368.57983pt.

Overfull \hbox (50.59314pt too wide) in paragraph at lines 238--239
[][] 
 []

[62 <./Chapter4 Figures/HyperfineFromSteck.pdf, page is rotated 90 degrees>]
[63] <"Chapter4 Figures/RfRamanSetupBeams".pdf, id=1653, 794.97pt x 614.295pt>
File: "Chapter4 Figures/RfRamanSetupBeams".pdf Graphic file (type pdf)

<use "Chapter4 Figures/RfRamanSetupBeams".pdf>
Package pdftex.def Info: "Chapter4 Figures/RfRamanSetupBeams".pdf used on input
 line 277.
(pdftex.def)             Requested size: 238.49284pt x 184.28992pt.

<"Chapter4 Figures/RfRamanSetupLevels".pdf, id=1654, 794.97pt x 614.295pt>
File: "Chapter4 Figures/RfRamanSetupLevels".pdf Graphic file (type pdf)

<use "Chapter4 Figures/RfRamanSetupLevels".pdf>
Package pdftex.def Info: "Chapter4 Figures/RfRamanSetupLevels".pdf used on inpu
t line 278.
(pdftex.def)             Requested size: 238.49284pt x 184.28992pt.

Overfull \hbox (53.20422pt too wide) in paragraph at lines 277--279
[][] [][] 
 []

[64 <./Chapter4 Figures/RfRamanSetupBeams.pdf, page is rotated 90 degrees> <./C
hapter4 Figures/RfRamanSetupLevels.pdf, page is rotated 90 degrees>]
<"Chapter4 Figures/rfBandStructure".pdf, id=1677, 448.07399pt x 289.08pt>
File: "Chapter4 Figures/rfBandStructure".pdf Graphic file (type pdf)

<use "Chapter4 Figures/rfBandStructure".pdf>
Package pdftex.def Info: "Chapter4 Figures/rfBandStructure".pdf used on input l
ine 286.
(pdftex.def)             Requested size: 448.07288pt x 289.07928pt.

Overfull \hbox (21.68033pt too wide) in paragraph at lines 286--287
[][] 
 []

[65] [66 <./Chapter4 Figures/rfBandStructure.pdf>] [67]
<"Chapter4 Figures/RamanBandStructure".pdf, id=1744, 448.07399pt x 289.08pt>
File: "Chapter4 Figures/RamanBandStructure".pdf Graphic file (type pdf)

<use "Chapter4 Figures/RamanBandStructure".pdf>
Package pdftex.def Info: "Chapter4 Figures/RamanBandStructure".pdf used on inpu
t line 319.
(pdftex.def)             Requested size: 448.07288pt x 289.07928pt.

Overfull \hbox (21.68033pt too wide) in paragraph at lines 319--320
[][] 
 []

[68] [69 <./Chapter4 Figures/RamanBandStructure.pdf>]
<"Chapter4 Figures/RfPulsing".pdf, id=1802, 448.07399pt x 433.62pt>
File: "Chapter4 Figures/RfPulsing".pdf Graphic file (type pdf)

<use "Chapter4 Figures/RfPulsing".pdf>
Package pdftex.def Info: "Chapter4 Figures/RfPulsing".pdf used on input line 33
7.
(pdftex.def)             Requested size: 448.07288pt x 433.61894pt.

Overfull \hbox (21.68033pt too wide) in paragraph at lines 337--338
[][] 
 []

<"Chapter4 Figures/RamanPulsing".pdf, id=1805, 448.07399pt x 433.62pt>
File: "Chapter4 Figures/RamanPulsing".pdf Graphic file (type pdf)

<use "Chapter4 Figures/RamanPulsing".pdf>
Package pdftex.def Info: "Chapter4 Figures/RamanPulsing".pdf used on input line
 345.
(pdftex.def)             Requested size: 448.07288pt x 433.61894pt.

Overfull \hbox (21.68033pt too wide) in paragraph at lines 345--346
[][] 
 []


LaTeX Warning: Reference `fig:rfBandStruct' on page 70 undefined on input line 
350.

[70] [71 <./Chapter4 Figures/RfPulsing.pdf>] [72 <./Chapter4 Figures/RamanPulsi
ng.pdf>]) [73]
\openout2 = `AbsorptionImagingChapter.aux'.

 (AbsorptionImagingChapter.tex
Chapter 4.
[74


] [75]pdfTeX warning (ext4): destination with the same identifier (name{subfigu
re.1.1}) has been already used, duplicate ignored
<to be read again> 
                   \relax 
l.53 	\subfigure
                []{\includegraphics[scale=1.0]{"Chapter2 Figures/figure1".pdf}}
<"Chapter2 Figures/figure1".pdf, id=1924, 231.26399pt x 216.81pt>
File: "Chapter2 Figures/figure1".pdf Graphic file (type pdf)

<use "Chapter2 Figures/figure1".pdf>
Package pdftex.def Info: "Chapter2 Figures/figure1".pdf used on input line 53.
(pdftex.def)             Requested size: 231.26341pt x 216.80946pt.
pdfTeX warning (ext4): destination with the same identifier (name{subfigure.1.2
}) has been already used, duplicate ignored
<to be read again> 
                   \relax 
l.54 	\subfigure
                []{\includegraphics[scale=1.0]{"Chapter2 Figures/figure2".pdf}}
<"Chapter2 Figures/figure2".pdf, id=1925, 231.26399pt x 216.81pt>
File: "Chapter2 Figures/figure2".pdf Graphic file (type pdf)

<use "Chapter2 Figures/figure2".pdf>
Package pdftex.def Info: "Chapter2 Figures/figure2".pdf used on input line 54.
(pdftex.def)             Requested size: 231.26341pt x 216.80946pt.

Overfull \hbox (38.74536pt too wide) in paragraph at lines 53--55
[][] [][] 
 []

[76] [77 <./Chapter2 Figures/figure1.pdf> <./Chapter2 Figures/figure2.pdf

pdfTeX warning: miktex-pdftex.exe (file ./Chapter2 Figures/figure2.pdf): PDF in
clusion: multiple pdfs with page group included in a single page
>]
Package hyperref Info: bookmark level for unknown algorithm defaults to 0 on in
put line 81.
LaTeX Font Info:    Font shape `OMS/cmr/m/n' in size <12> not available
(Font)              Font shape `OMS/cmsy/m/n' tried instead on input line 84.
 <"Chapter2 Figures/figure3".pdf, id=1982, 433.62pt x 216.81pt>
File: "Chapter2 Figures/figure3".pdf Graphic file (type pdf)

<use "Chapter2 Figures/figure3".pdf>
Package pdftex.def Info: "Chapter2 Figures/figure3".pdf used on input line 118.

(pdftex.def)             Requested size: 433.61894pt x 216.80946pt.

Overfull \hbox (7.2264pt too wide) in paragraph at lines 118--119
[][] 
 []

[78] <"Chapter2 Figures/figure4".pdf, id=2017, 231.26399pt x 216.81pt>
File: "Chapter2 Figures/figure4".pdf Graphic file (type pdf)

<use "Chapter2 Figures/figure4".pdf>
Package pdftex.def Info: "Chapter2 Figures/figure4".pdf used on input line 126.

(pdftex.def)             Requested size: 231.26341pt x 216.80946pt.

<"Chapter2 Figures/figure5".pdf, id=2018, 231.26399pt x 216.81pt>
File: "Chapter2 Figures/figure5".pdf Graphic file (type pdf)

<use "Chapter2 Figures/figure5".pdf>
Package pdftex.def Info: "Chapter2 Figures/figure5".pdf used on input line 127.

(pdftex.def)             Requested size: 231.26341pt x 216.80946pt.

Overfull \hbox (38.74536pt too wide) in paragraph at lines 126--128
[][] [][] 
 []

[79 <./Chapter2 Figures/figure3.pdf>] [80 <./Chapter2 Figures/figure4.pdf> <./C
hapter2 Figures/figure5.pdf

pdfTeX warning: miktex-pdftex.exe (file ./Chapter2 Figures/figure5.pdf): PDF in
clusion: multiple pdfs with page group included in a single page
>]pdfTeX warning (ext4): destination with the same identifier (name{ALC@line.1}
) has been already used, duplicate ignored
<to be read again> 
                   \relax 
l.146 \STATE
             $z[n]=z_0$, $\delta[n]=0$ \COMMENT{initialize position and detu...
pdfTeX warning (ext4): destination with the same identifier (name{ALC@rem.1}) h
as been already used, duplicate ignored
<to be read again> 
                   \relax 
l.146 \STATE
             $z[n]=z_0$, $\delta[n]=0$ \COMMENT{initialize position and detu...
pdfTeX warning (ext4): destination with the same identifier (name{ALC@line.2}) 
has been already used, duplicate ignored
<to be read again> 
                   \relax 
l.147 \STATE
             $O[i]=n$ \COMMENT{make a list of composite atom indexes, ordere...
pdfTeX warning (ext4): destination with the same identifier (name{ALC@rem.2}) h
as been already used, duplicate ignored
<to be read again> 
                   \relax 
l.147 \STATE
             $O[i]=n$ \COMMENT{make a list of composite atom indexes, ordere...
pdfTeX warning (ext4): destination with the same identifier (name{ALC@line.3}) 
has been already used, duplicate ignored
<to be read again> 
                   \relax 
l.148 \STATE
             $I[n=0,t]=I_0$ \COMMENT{ $t$ is the time index, $I$ is in units...
pdfTeX warning (ext4): destination with the same identifier (name{ALC@rem.3}) h
as been already used, duplicate ignored
<to be read again> 
                   \relax 
l.148 \STATE
             $I[n=0,t]=I_0$ \COMMENT{ $t$ is the time index, $I$ is in units...
pdfTeX warning (ext4): destination with the same identifier (name{ALC@line.4}) 
has been already used, duplicate ignored
<to be read again> 
                   \relax 
l.149 \STATE
             $H_f=0$ \COMMENT{Radiant fluence seen by camera after passing t...
pdfTeX warning (ext4): destination with the same identifier (name{ALC@rem.4}) h
as been already used, duplicate ignored
<to be read again> 
                   \relax 
l.149 \STATE
             $H_f=0$ \COMMENT{Radiant fluence seen by camera after passing t...
pdfTeX warning (ext4): destination with the same identifier (name{ALC@line.5}) 
has been already used, duplicate ignored
<to be read again> 
                   \relax 
l.150 \FOR[loop over time steps]{$t=0$ to $t_f$}
                                                pdfTeX warning (ext4): destinat
ion with the same identifier (name{ALC@rem.5}) has been already used, duplicate
 ignored
<to be read again> 
                   \relax 
l.150 \FOR[loop over time steps]{$t=0$ to $t_f$}
                                                pdfTeX warning (ext4): destinat
ion with the same identifier (name{ALC@line.6}) has been already used, duplicat
e ignored
<to be read again> 
                   \relax 
l.151  \FOR[loop over superatoms]{$i=1$ to $N$}
                                               pdfTeX warning (ext4): destinati
on with the same identifier (name{ALC@rem.6}) has been already used, duplicate 
ignored
<to be read again> 
                   \relax 
l.151  \FOR[loop over superatoms]{$i=1$ to $N$}
                                               pdfTeX warning (ext4): destinati
on with the same identifier (name{ALC@line.7}) has been already used, duplicate
 ignored
<to be read again> 
                   \relax 
l.152 \STATE
             $n=O[i]$ \COMMENT{apply probe intensity to composite atoms in o...
pdfTeX warning (ext4): destination with the same identifier (name{ALC@rem.7}) h
as been already used, duplicate ignored
<to be read again> 
                   \relax 
l.152 \STATE
             $n=O[i]$ \COMMENT{apply probe intensity to composite atoms in o...
pdfTeX warning (ext4): destination with the same identifier (name{ALC@line.8}) 
has been already used, duplicate ignored
<to be read again> 
                   \relax 
l.153  \STATE
              $A=\sigma_0 N_{sa} dz$ \COMMENT{dz is length over which atoms ...
pdfTeX warning (ext4): destination with the same identifier (name{ALC@rem.8}) h
as been already used, duplicate ignored
<to be read again> 
                   \relax 
l.153  \STATE
              $A=\sigma_0 N_{sa} dz$ \COMMENT{dz is length over which atoms ...
pdfTeX warning (ext4): destination with the same identifier (name{ALC@line.9}) 
has been already used, duplicate ignored
<to be read again> 
                   \relax 
l.154  \STATE
              $B=v_{\rm{r}} dt/(\hbar c  N_{sa})$  \COMMENT{dt is the time s...
pdfTeX warning (ext4): destination with the same identifier (name{ALC@rem.9}) h
as been already used, duplicate ignored
<to be read again> 
                   \relax 
l.154  \STATE
              $B=v_{\rm{r}} dt/(\hbar c  N_{sa})$  \COMMENT{dt is the time s...
pdfTeX warning (ext4): destination with the same identifier (name{ALC@line.10})
 has been already used, duplicate ignored
<to be read again> 
                   \relax 
l.155 \STATE
             $I[n,t]=I[n-1,t] - A I[n-1,t]/(1+\delta[n]^2+I[n-1,t])$  \COMME...
pdfTeX warning (ext4): destination with the same identifier (name{ALC@rem.10}) 
has been already used, duplicate ignored
<to be read again> 
                   \relax 
l.155 \STATE
             $I[n,t]=I[n-1,t] - A I[n-1,t]/(1+\delta[n]^2+I[n-1,t])$  \COMME...
pdfTeX warning (ext4): destination with the same identifier (name{ALC@line.11})
 has been already used, duplicate ignored
<to be read again> 
                   \relax 
l.156 \STATE
             $\delta[n]\mathrel{+}=B\left(I[n-1,t]-I[n,t]\right)$  \COMMENT{...
pdfTeX warning (ext4): destination with the same identifier (name{ALC@rem.11}) 
has been already used, duplicate ignored
<to be read again> 
                   \relax 
l.156 \STATE
             $\delta[n]\mathrel{+}=B\left(I[n-1,t]-I[n,t]\right)$  \COMMENT{...
pdfTeX warning (ext4): destination with the same identifier (name{ALC@line.12})
 has been already used, duplicate ignored
<to be read again> 
                   \relax 
l.157 \STATE
             $z[n]\mathrel{+}=dt\Gamma\delta/2k$ \COMMENT{$k$ is the wavenum...
pdfTeX warning (ext4): destination with the same identifier (name{ALC@rem.12}) 
has been already used, duplicate ignored
<to be read again> 
                   \relax 
l.157 \STATE
             $z[n]\mathrel{+}=dt\Gamma\delta/2k$ \COMMENT{$k$ is the wavenum...
pdfTeX warning (ext4): destination with the same identifier (name{ALC@line.13})
 has been already used, duplicate ignored
<to be read again> 
                   \relax 
l.158 \ENDFOR
             pdfTeX warning (ext4): destination with the same identifier (name{
ALC@rem.13}) has been already used, duplicate ignored
<to be read again> 
                   \relax 
l.158 \ENDFOR
              [81]
<"Chapter2 Figures/figure6a".pdf, id=2110, 397.485pt x 252.945pt>
File: "Chapter2 Figures/figure6a".pdf Graphic file (type pdf)

<use "Chapter2 Figures/figure6a".pdf>
Package pdftex.def Info: "Chapter2 Figures/figure6a".pdf used on input line 179
.
(pdftex.def)             Requested size: 357.73318pt x 227.64839pt.

<"Chapter2 Figures/figure6b".pdf, id=2111, 397.485pt x 252.945pt>
File: "Chapter2 Figures/figure6b".pdf Graphic file (type pdf)

<use "Chapter2 Figures/figure6b".pdf>
Package pdftex.def Info: "Chapter2 Figures/figure6b".pdf used on input line 180
.
(pdftex.def)             Requested size: 357.73318pt x 227.64839pt.

Underfull \hbox (badness 10000) in paragraph at lines 179--181
[][]
 []

<"Chapter2 Figures/figure7".pdf, id=2113, 231.26399pt x 216.81pt>
File: "Chapter2 Figures/figure7".pdf Graphic file (type pdf)

<use "Chapter2 Figures/figure7".pdf>
Package pdftex.def Info: "Chapter2 Figures/figure7".pdf used on input line 191.

(pdftex.def)             Requested size: 231.26341pt x 216.80946pt.

<"Chapter2 Figures/figure8".pdf, id=2114, 231.26399pt x 216.81pt>
File: "Chapter2 Figures/figure8".pdf Graphic file (type pdf)

<use "Chapter2 Figures/figure8".pdf>
Package pdftex.def Info: "Chapter2 Figures/figure8".pdf used on input line 192.

(pdftex.def)             Requested size: 231.26341pt x 216.80946pt.

Overfull \hbox (38.74536pt too wide) in paragraph at lines 191--193
[][] [][] 
 []

[82] [83 <./Chapter2 Figures/figure6a.pdf> <./Chapter2 Figures/figure6b.pdf

pdfTeX warning: miktex-pdftex.exe (file ./Chapter2 Figures/figure6b.pdf): PDF i
nclusion: multiple pdfs with page group included in a single page
>] [84 <./Chapter2 Figures/figure7.pdf> <./Chapter2 Figures/figure8.pdf

pdfTeX warning: miktex-pdftex.exe (file ./Chapter2 Figures/figure8.pdf): PDF in
clusion: multiple pdfs with page group included in a single page
>] [85] <"Chapter2 Figures/figure9a".pdf, id=2243, 231.26399pt x 216.81pt>
File: "Chapter2 Figures/figure9a".pdf Graphic file (type pdf)

<use "Chapter2 Figures/figure9a".pdf>
Package pdftex.def Info: "Chapter2 Figures/figure9a".pdf used on input line 231
.
(pdftex.def)             Requested size: 231.26341pt x 216.80946pt.

<"Chapter2 Figures/figure9b".pdf, id=2244, 231.26399pt x 216.81pt>
File: "Chapter2 Figures/figure9b".pdf Graphic file (type pdf)

<use "Chapter2 Figures/figure9b".pdf>
Package pdftex.def Info: "Chapter2 Figures/figure9b".pdf used on input line 232
.
(pdftex.def)             Requested size: 231.26341pt x 216.80946pt.

Overfull \hbox (38.74536pt too wide) in paragraph at lines 231--233
[][] [][] 
 []

) [86] [87 <./Chapter2 Figures/figure9a.pdf> <./Chapter2 Figures/figure9b.pdf

pdfTeX warning: miktex-pdftex.exe (file ./Chapter2 Figures/figure9b.pdf): PDF i
nclusion: multiple pdfs with page group included in a single page
>]
\openout2 = `SwaveScatteringChapter.aux'.

 (SwaveScatteringChapter.tex
Chapter 5.

Overfull \hbox (35.56223pt too wide) in paragraph at lines 5--6
\OT1/cmr/m/n/12 ha-los of $[]K$ atoms in the vicin-ity of a Fes-bach res-o-nanc
e be-tween the $[]$
 []

[88


] [89] [90]pdfTeX warning (ext4): destination with the same identifier (name{su
bfigure.1.1}) has been already used, duplicate ignored
<to be read again> 
                   \relax 
l.36 	\subfigure
                []{\includegraphics{"Chapter3 Figures/figure10a".pdf}}
<"Chapter3 Figures/figure10a".pdf, id=2335, 216.81pt x 216.81pt>
File: "Chapter3 Figures/figure10a".pdf Graphic file (type pdf)

<use "Chapter3 Figures/figure10a".pdf>
Package pdftex.def Info: "Chapter3 Figures/figure10a".pdf used on input line 36
.
(pdftex.def)             Requested size: 216.80946pt x 216.80946pt.
pdfTeX warning (ext4): destination with the same identifier (name{subfigure.1.2
}) has been already used, duplicate ignored
<to be read again> 
                   \relax 
l.37 	\subfigure
                []{\includegraphics{"Chapter3 Figures/figure10b".pdf}}
<"Chapter3 Figures/figure10b".pdf, id=2336, 216.81pt x 216.81pt>
File: "Chapter3 Figures/figure10b".pdf Graphic file (type pdf)

<use "Chapter3 Figures/figure10b".pdf>
Package pdftex.def Info: "Chapter3 Figures/figure10b".pdf used on input line 37
.
(pdftex.def)             Requested size: 216.80946pt x 216.80946pt.

Overfull \hbox (9.83746pt too wide) in paragraph at lines 36--38
[][] [][] 
 []

[91] <"Chapter3 Figures/Picture12".pdf, id=2342, 794.97pt x 614.295pt>
File: "Chapter3 Figures/Picture12".pdf Graphic file (type pdf)

<use "Chapter3 Figures/Picture12".pdf>
Package pdftex.def Info: "Chapter3 Figures/Picture12".pdf used on input line 44
.
(pdftex.def)             Requested size: 174.89394pt x 135.14531pt.

<"Chapter3 Figures/figure12b".pdf, id=2343, 289.08pt x 180.675pt>
File: "Chapter3 Figures/figure12b".pdf Graphic file (type pdf)

<use "Chapter3 Figures/figure12b".pdf>
Package pdftex.def Info: "Chapter3 Figures/figure12b".pdf used on input line 45
.
(pdftex.def)             Requested size: 260.16959pt x 162.60599pt.

Overfull \hbox (11.28206pt too wide) in paragraph at lines 44--46
[][] [][] 
 []

[92 <./Chapter3 Figures/figure10a.pdf> <./Chapter3 Figures/figure10b.pdf

pdfTeX warning: miktex-pdftex.exe (file ./Chapter3 Figures/figure10b.pdf): PDF 
inclusion: multiple pdfs with page group included in a single page
>] [93 <./Chapter3 Figures/Picture12.pdf, page is rotated 90 degrees> <./Chapte
r3 Figures/figure12b.pdf>] [94]
<"Chapter3 Figures/figure11".pdf, id=3204, 325.215pt x 252.945pt>
File: "Chapter3 Figures/figure11".pdf Graphic file (type pdf)

<use "Chapter3 Figures/figure11".pdf>
Package pdftex.def Info: "Chapter3 Figures/figure11".pdf used on input line 71.

(pdftex.def)             Requested size: 325.2142pt x 252.94438pt.
 [95]) [96 <./Chapter3 Figures/figure11.pdf>]
\openout2 = `SynDimChapter.aux'.

 (SynDimChapter.tex
Chapter 6.
[97


] <"SynDim Figures/Fig1_Schematic".pdf, id=3310, 361.44937pt x 319.82887pt>
File: "SynDim Figures/Fig1_Schematic".pdf Graphic file (type pdf)

<use "SynDim Figures/Fig1_Schematic".pdf>
Package pdftex.def Info: "SynDim Figures/Fig1_Schematic".pdf used on input line
 30.
(pdftex.def)             Requested size: 361.44847pt x 319.82808pt.
 [98] [99 <./SynDim Figures/Fig1_Schematic.pdf>] [100] [101] [102]
Overfull \hbox (10.4841pt too wide) in paragraph at lines 103--104
[]\OT1/cmr/m/n/12 For com-pu-ta-tional con-ve-nience, we con-vert to lat-tice r
e-coil units, $\OML/cmm/m/it/12 E[] \OT1/cmr/m/n/12 = [][]\OML/cmm/m/it/12 k[]=
\OT1/cmr/m/n/12 2\OML/cmm/m/it/12 m$\OT1/cmr/m/n/12 ,
 []


Overfull \hbox (0.38487pt too wide) detected at line 110
[][]\OT1/cmr/m/n/12 (\OML/cmm/m/it/12 n\OT1/cmr/m/n/12 )\OML/cmm/m/it/12 =E[] \
OT1/cmr/m/n/12 = [] [] \OML/cmm/m/it/12 ;
 []

[103]
<"SynDim Figures/SynDimBandStructure".pdf, id=3497, 448.07399pt x 361.35pt>
File: "SynDim Figures/SynDimBandStructure".pdf Graphic file (type pdf)

<use "SynDim Figures/SynDimBandStructure".pdf>
Package pdftex.def Info: "SynDim Figures/SynDimBandStructure".pdf used on input
 line 115.
(pdftex.def)             Requested size: 448.07288pt x 361.34912pt.

Overfull \hbox (21.68033pt too wide) in paragraph at lines 115--116
[][] 
 []

[104 <./SynDim Figures/SynDimBandStructure.pdf>] [105]
<"SynDim Figures/SynDimPulsing".pdf, id=3565, 448.07399pt x 433.62pt>
File: "SynDim Figures/SynDimPulsing".pdf Graphic file (type pdf)

<use "SynDim Figures/SynDimPulsing".pdf>
Package pdftex.def Info: "SynDim Figures/SynDimPulsing".pdf used on input line 
132.
(pdftex.def)             Requested size: 448.07288pt x 433.61894pt.

Overfull \hbox (21.68033pt too wide) in paragraph at lines 132--133
[][] 
 []


LaTeX Warning: Float too large for page by 13.02226pt on input line 135.

[106] [107 <./SynDim Figures/SynDimPulsing.pdf>] [108]
Overfull \hbox (18.82191pt too wide) detected at line 164
[]\OML/cmm/m/it/12 H \OT1/cmr/m/n/12 = \OMS/cmsy/m/n/12  [] [] \OML/cmm/m/it/12
 t[]\OMS/cmsy/m/n/12 j\OML/cmm/m/it/12 k[]; m \OT1/cmr/m/n/12 + 1\OMS/cmsy/m/n/
12 ih\OML/cmm/m/it/12 k[]; m\OMS/cmsy/m/n/12 j \OT1/cmr/m/n/12 + \OML/cmm/m/it/
12 h:c: \OT1/cmr/m/n/12 + 2\OML/cmm/m/it/12 t[][]\OT1/cmr/m/n/12 (\OML/cmm/m/it
/12 k[] \OMS/cmsy/m/n/12   \OML/cmm/m/it/12 []\OT1/cmr/m/n/12 )\OMS/cmsy/m/n/1
2 j\OML/cmm/m/it/12 k[]; m\OMS/cmsy/m/n/12 ih\OML/cmm/m/it/12 k[]; m\OMS/cmsy/m
/n/12 j \OT1/cmr/m/n/12 + \OML/cmm/m/it/12 A[]\OMS/cmsy/m/n/12 j\OML/cmm/m/it/1
2 k[]; m\OMS/cmsy/m/n/12 ih\OML/cmm/m/it/12 k[]; m\OMS/cmsy/m/n/12 j
 []

[109] <"SynDim Figures/tbFit".pdf, id=3642, 448.07399pt x 216.81pt>
File: "SynDim Figures/tbFit".pdf Graphic file (type pdf)

<use "SynDim Figures/tbFit".pdf>
Package pdftex.def Info: "SynDim Figures/tbFit".pdf used on input line 169.
(pdftex.def)             Requested size: 448.07288pt x 216.80946pt.

Overfull \hbox (21.68033pt too wide) in paragraph at lines 169--170
[][] 
 []

[110 <./SynDim Figures/tbFit.pdf>]
<"SynDim Figures/Fig2_EdgeStates".pdf, id=3674, 264.99pt x 404.02745pt>
File: "SynDim Figures/Fig2_EdgeStates".pdf Graphic file (type pdf)

<use "SynDim Figures/Fig2_EdgeStates".pdf>
Package pdftex.def Info: "SynDim Figures/Fig2_EdgeStates".pdf used on input lin
e 204.
(pdftex.def)             Requested size: 264.98935pt x 404.02646pt.
 [111] [112 <./SynDim Figures/Fig2_EdgeStates.pdf>]
Missing character: There is no ‚ in font cmr12!
Missing character: There is no Ä in font cmr12!
Missing character: There is no ô in font cmr12!


LaTeX Warning: Reference `fig:SynDimSetup' on page 113 undefined on input line 
222.

[113]
<"SynDim Figures/Fig3_EdgeCurrent".pdf, id=3735, 365.365pt x 406.76968pt>
File: "SynDim Figures/Fig3_EdgeCurrent".pdf Graphic file (type pdf)

<use "SynDim Figures/Fig3_EdgeCurrent".pdf>
Package pdftex.def Info: "SynDim Figures/Fig3_EdgeCurrent".pdf used on input li
ne 227.
(pdftex.def)             Requested size: 365.3641pt x 406.76868pt.
 [114] [115 <./SynDim Figures/Fig3_EdgeCurrent.pdf>]
<"SynDim Figures/Fig4_SkippingOrbit".pdf, id=3789, 266.9975pt x 402.50375pt>
File: "SynDim Figures/Fig4_SkippingOrbit".pdf Graphic file (type pdf)

<use "SynDim Figures/Fig4_SkippingOrbit".pdf>
Package pdftex.def Info: "SynDim Figures/Fig4_SkippingOrbit".pdf used on input 
line 242.
(pdftex.def)             Requested size: 266.99683pt x 402.50276pt.
 [116] [117 <./SynDim Figures/Fig4_SkippingOrbit.pdf>]) [118]
\openout2 = `BlochOscChapter.aux'.

 (BlochOscChapter.tex
Chapter 7.

LaTeX Warning: Citation `Melinte2004' on page 119 undefined on input line 7.


LaTeX Warning: Citation `Feil2007' on page 119 undefined on input line 7.


LaTeX Warning: Citation `Dean2013' on page 119 undefined on input line 7.


LaTeX Warning: Citation `An2017' on page 119 undefined on input line 7.


LaTeX Warning: Citation `Aidelsburger2015' on page 119 undefined on input line 
10.


LaTeX Warning: Citation `Wang2013' on page 119 undefined on input line 10.


LaTeX Warning: Citation `Song2018' on page 119 undefined on input line 10.


LaTeX Warning: Citation `Tarnowski2018' on page 119 undefined on input line 10.



LaTeX Warning: Citation `Sun2018' on page 119 undefined on input line 10.


LaTeX Warning: Citation `Asteria2018' on page 119 undefined on input line 10.

[119


]

LaTeX Warning: Citation `Kohmoto1989' on page 120 undefined on input line 15.


LaTeX Warning: Citation `MacDonald1984' on page 120 undefined on input line 15.



LaTeX Warning: Citation `Kunz1986' on page 120 undefined on input line 15.


LaTeX Warning: Citation `Huang2013' on page 120 undefined on input line 15.


LaTeX Warning: Citation `Liu2013' on page 120 undefined on input line 15.


LaTeX Warning: Citation `Wang2013' on page 120 undefined on input line 15.


LaTeX Warning: Citation `Zhang2016' on page 120 undefined on input line 15.


LaTeX Warning: Citation `Mugel2017' on page 120 undefined on input line 15.

<"BlochOsc Figures/figure1v15".pdf, id=3876, 440.84702pt x 371.88937pt>
File: "BlochOsc Figures/figure1v15".pdf Graphic file (type pdf)

<use "BlochOsc Figures/figure1v15".pdf>
Package pdftex.def Info: "BlochOsc Figures/figure1v15".pdf used on input line 1
8.
(pdftex.def)             Requested size: 440.84593pt x 371.88846pt.

Overfull \hbox (14.45338pt too wide) in paragraph at lines 18--19
[][] 
 []


LaTeX Warning: Citation `Harper1955' on page 120 undefined on input line 25.


LaTeX Warning: Citation `Meier2016' on page 120 undefined on input line 31.

[120] [121 <./BlochOsc Figures/figure1v15.pdf>]

LaTeX Warning: Citation `Wang2013' on page 122 undefined on input line 33.

[122] <"BlochOsc Figures/figure2Av2".pdf, id=4004, 330.73563pt x 320.48532pt>
File: "BlochOsc Figures/figure2Av2".pdf Graphic file (type pdf)

<use "BlochOsc Figures/figure2Av2".pdf>
Package pdftex.def Info: "BlochOsc Figures/figure2Av2".pdf used on input line 3
8.
(pdftex.def)             Requested size: 330.7348pt x 320.48454pt.

<"BlochOsc Figures/figure2Bv3".pdf, id=4005, 408.59653pt x 243.74362pt>
File: "BlochOsc Figures/figure2Bv3".pdf Graphic file (type pdf)

<use "BlochOsc Figures/figure2Bv3".pdf>
Package pdftex.def Info: "BlochOsc Figures/figure2Bv3".pdf used on input line 4
4.
(pdftex.def)             Requested size: 408.59552pt x 243.74301pt.

<"BlochOsc Figures/figure3v7".pdf, id=4006, 419.5675pt x 245.41687pt>
File: "BlochOsc Figures/figure3v7".pdf Graphic file (type pdf)

<use "BlochOsc Figures/figure3v7".pdf>
Package pdftex.def Info: "BlochOsc Figures/figure3v7".pdf used on input line 50
.
(pdftex.def)             Requested size: 419.56647pt x 245.41626pt.
 [123 <./BlochOsc Figures/figure2Av2.pdf>] [124 <./BlochOsc Figures/figure2Bv3.
pdf>] [125 <./BlochOsc Figures/figure3v7.pdf>]

LaTeX Warning: Citation `Mugel2017' on page 126 undefined on input line 61.

[126]
Missing character: There is no ‚ in font cmr12!
Missing character: There is no Ä in font cmr12!
Missing character: There is no ô in font cmr12!
Missing character: There is no ‚ in font cmr12!
Missing character: There is no Ä in font cmr12!
Missing character: There is no ô in font cmr12!
Missing character: There is no ‚ in font cmr12!
Missing character: There is no Ä in font cmr12!
Missing character: There is no î in font cmr12!
Missing character: There is no ‚ in font cmr12!
Missing character: There is no Ä in font cmr12!
Missing character: There is no î in font cmr12!
 [127]
<"BlochOsc Figures/figure4v4".pdf, id=4115, 440.84702pt x 275.27844pt>
File: "BlochOsc Figures/figure4v4".pdf Graphic file (type pdf)

<use "BlochOsc Figures/figure4v4".pdf>
Package pdftex.def Info: "BlochOsc Figures/figure4v4".pdf used on input line 69
.
(pdftex.def)             Requested size: 440.84593pt x 275.27776pt.

Overfull \hbox (14.45338pt too wide) in paragraph at lines 69--70
[][] 
 []


LaTeX Warning: Citation `Zhang2016' on page 128 undefined on input line 74.


LaTeX Warning: Citation `Mugel2017' on page 128 undefined on input line 74.


LaTeX Warning: Citation `Mugel2017' on page 128 undefined on input line 74.

[128] [129 <./BlochOsc Figures/figure4v4.pdf>]

LaTeX Warning: Citation `Tai2017' on page 130 undefined on input line 78.


LaTeX Warning: Citation `Greschner2015' on page 130 undefined on input line 78.



LaTeX Warning: Citation `Greschner2016' on page 130 undefined on input line 78.



LaTeX Warning: Citation `CalvaneseStrinati2017' on page 130 undefined on input 
line 78.


LaTeX Warning: Citation `Parameswaran2013' on page 130 undefined on input line 
78.

Missing character: There is no ‚ in font cmr12!
Missing character: There is no Ä in font cmr12!
Missing character: There is no ô in font cmr12!

LaTeX Warning: Citation `Campbell2006' on page 130 undefined on input line 84.

[130] [131] [132]) [133] (mainthesis.bbl
Underfull \hbox (badness 2503) in paragraph at lines 10--14
[]\OT1/cmr/m/n/12 Daniel Adam Steck.  Ru-bid-ium 87 d line data.  Avail-able on
-line,
 []

[134

] [135] [136]
Missing character: There is no √ in font cmr12!
Missing character: There is no ± in font cmr12!
 [137] [138] [139] [140]
Missing character: There is no ‚ in font cmr12!
Missing character: There is no Ä in font cmr12!
Missing character: There is no â in font cmr12!
Missing character: There is no √ in font cmr12!
Missing character: There is no © in font cmr12!
 [141]
Missing character: There is no ‚ in font cmr12!
Missing character: There is no Ä in font cmr12!
Missing character: There is no ì in font cmr12!
 [142])
Package atveryend Info: Empty hook `BeforeClearDocument' on input line 160.
 [143]
Package atveryend Info: Empty hook `AfterLastShipout' on input line 160.
 (mainthesis.aux
(Abstract.aux) (Titlepage.aux) (Copyright.aux) (IntroChapter.aux)
(AtomLightChapter.aux) (AbsorptionImagingChapter.aux)
(SwaveScatteringChapter.aux) (SynDimChapter.aux) (BlochOscChapter.aux))
Package atveryend Info: Executing hook `AtVeryEndDocument' on input line 160.
Package atveryend Info: Executing hook `AtEndAfterFileList' on input line 160.
Package rerunfilecheck Info: File `mainthesis.out' has not changed.
(rerunfilecheck)             Checksum: 3CB637437F88A62264A033823DE3FA96;4386.


LaTeX Warning: There were undefined references.


LaTeX Warning: There were multiply-defined labels.

Package atveryend Info: Empty hook `AtVeryVeryEnd' on input line 160.
 ) 
Here is how much of TeX's memory you used:
 8168 strings out of 493333
 121227 string characters out of 3139191
 285653 words of memory out of 3000000
 10949 multiletter control sequences out of 15000+200000
 12942 words of font info for 49 fonts, out of 3000000 for 9000
 1141 hyphenation exceptions out of 8191
 42i,10n,34p,1922b,564s stack positions out of 5000i,500n,10000p,200000b,50000s
<C:/Program Files/MiKTeX 2.9/fonts/type1/public/amsfonts/cm/cmbx10.pfb><C:/Pr
ogram Files/MiKTeX 2.9/fonts/type1/public/amsfonts/cm/cmbx12.pfb><C:/Program Fi
les/MiKTeX 2.9/fonts/type1/public/amsfonts/cm/cmbx6.pfb><C:/Program Files/MiKTe
X 2.9/fonts/type1/public/amsfonts/cm/cmbx8.pfb><C:/Program Files/MiKTeX 2.9/fon
ts/type1/public/amsfonts/cm/cmex10.pfb><C:/Program Files/MiKTeX 2.9/fonts/type1
/public/amsfonts/cm/cmmi10.pfb><C:/Program Files/MiKTeX 2.9/fonts/type1/public/
amsfonts/cm/cmmi12.pfb><C:/Program Files/MiKTeX 2.9/fonts/type1/public/amsfonts
/cm/cmmi6.pfb><C:/Program Files/MiKTeX 2.9/fonts/type1/public/amsfonts/cm/cmmi7
.pfb><C:/Program Files/MiKTeX 2.9/fonts/type1/public/amsfonts/cm/cmmi8.pfb><C:/
Program Files/MiKTeX 2.9/fonts/type1/public/amsfonts/cm/cmr10.pfb><C:/Program F
iles/MiKTeX 2.9/fonts/type1/public/amsfonts/cm/cmr12.pfb><C:/Program Files/MiKT
eX 2.9/fonts/type1/public/amsfonts/cm/cmr6.pfb><C:/Program Files/MiKTeX 2.9/fon
ts/type1/public/amsfonts/cm/cmr7.pfb><C:/Program Files/MiKTeX 2.9/fonts/type1/p
ublic/amsfonts/cm/cmr8.pfb><C:/Program Files/MiKTeX 2.9/fonts/type1/public/amsf
onts/cm/cmss8.pfb><C:/Program Files/MiKTeX 2.9/fonts/type1/public/amsfonts/cm/c
mssi8.pfb><C:/Program Files/MiKTeX 2.9/fonts/type1/public/amsfonts/cm/cmsy10.pf
b><C:/Program Files/MiKTeX 2.9/fonts/type1/public/amsfonts/cm/cmsy6.pfb><C:/Pro
gram Files/MiKTeX 2.9/fonts/type1/public/amsfonts/cm/cmsy8.pfb><C:/Program File
s/MiKTeX 2.9/fonts/type1/public/amsfonts/cm/cmti12.pfb><C:/Program Files/MiKTeX
 2.9/fonts/type1/urw/helvetic/uhvr8a.pfb>
Output written on mainthesis.pdf (160 pages, 11153018 bytes).
PDF statistics:
 4379 PDF objects out of 5155 (max. 8388607)
 470 named destinations out of 1000 (max. 500000)
 775 words of extra memory for PDF output out of 10000 (max. 10000000)

